#
# A fatal error has been detected by the Java Runtime Environment:
#
#  Internal Error (./open/src/hotspot/share/oops/generateOopMap.cpp:2164), pid=27304, tid=51900
#  fatal error: Illegal class file encountered. Try running with -Xverify:all in method testDataSupplier
#
# JRE version: Java(TM) SE Runtime Environment 18.9 (11.0.10+8) (build 11.0.10+8-LTS-162)
# Java VM: Java HotSpot(TM) 64-Bit Server VM 18.9 (11.0.10+8-LTS-162, mixed mode, tiered, compressed oops, g1 gc, windows-amd64)
# No core dump will be written. Minidumps are not enabled by default on client versions of Windows
#
# If you would like to submit a bug report, please visit:
#   https://bugreport.java.com/bugreport/crash.jsp
#

---------------  S U M M A R Y ------------

Command Line: -agentlib:jdwp=transport=dt_socket,suspend=y,address=localhost:53249 -ea -Dfile.encoding=Cp1252 org.testng.remote.RemoteTestNG -serport 53246 -protocol json -d C:\Users\DELL\eclipse-newworkspacenew\SunflowerApp\test-output C:\Users\DELL\AppData\Local\Temp\testng-eclipse-1762690634\testng-customsuite.xml

Host: Intel(R) Core(TM) i5-1035G1 CPU @ 1.00GHz, 8 cores, 7G,  Windows 10 , 64 bit Build 22000 (10.0.22000.708)
Time: Thu Sep  1 18:23:19 2022 Romance Daylight Time elapsed time: 2025.349721 seconds (0d 0h 33m 45s)

---------------  T H R E A D  ---------------

Current thread (0x000002b8d4b92000):  VMThread "VM Thread" [stack: 0x000000da2ff00000,0x000000da30000000] [id=51900]

Stack: [0x000000da2ff00000,0x000000da30000000]
[error occurred during error reporting (printing stack bounds), id 0xc0000005, EXCEPTION_ACCESS_VIOLATION (0xc0000005) at pc=0x000002b8be4210e7]

Native frames: (J=compiled Java code, j=interpreted, Vv=VM code, C=native code)
V  [jvm.dll+0x613e6a]
V  [jvm.dll+0x74c1ff]
V  [jvm.dll+0x74d885]
V  [jvm.dll+0x74de65]
V  [jvm.dll+0x74de1b]
V  [jvm.dll+0x6136a3]
V  [jvm.dll+0x613a68]
C  [ntdll.dll+0xa8b1f]
C  [ntdll.dll+0x35b9a]
C  [ntdll.dll+0xa7b2e]
C  0x000002b8be4210e7

VM_Operation (0x000000da307ff080): GetOrSetLocal, mode: safepoint, requested by thread 0x000002b8d56a9800


---------------  P R O C E S S  ---------------

Threads class SMR info:
_java_thread_list=0x000002b8d65b6830, length=14, elements={
0x000002b8b5f9d000, 0x000002b8d4bb6800, 0x000002b8d4bc2800, 0x000002b8d4bd2800,
0x000002b8d4bd3800, 0x000002b8d4bd5800, 0x000002b8d54e2800, 0x000002b8d54e5800,
0x000002b8d56a9800, 0x000002b8d56be000, 0x000002b8d56c0000, 0x000002b8d56d4800,
0x000002b8d56e6000, 0x000002b8d58c1800
}

Java Threads: ( => current thread )
  0x000002b8b5f9d000 JavaThread "main" [_thread_blocked, id=29504, stack(0x000000da2f900000,0x000000da2fa00000)]
  0x000002b8d4bb6800 JavaThread "Reference Handler" daemon [_thread_blocked, id=10428, stack(0x000000da30000000,0x000000da30100000)]
  0x000002b8d4bc2800 JavaThread "Finalizer" daemon [_thread_blocked, id=48428, stack(0x000000da30100000,0x000000da30200000)]
  0x000002b8d4bd2800 JavaThread "Signal Dispatcher" daemon [_thread_blocked, id=25740, stack(0x000000da30200000,0x000000da30300000)]
  0x000002b8d4bd3800 JavaThread "Attach Listener" daemon [_thread_blocked, id=39324, stack(0x000000da30300000,0x000000da30400000)]
  0x000002b8d4bd5800 JavaThread "C2 CompilerThread0" daemon [_thread_blocked, id=52160, stack(0x000000da30400000,0x000000da30500000)]
  0x000002b8d54e2800 JavaThread "C1 CompilerThread0" daemon [_thread_blocked, id=50072, stack(0x000000da30500000,0x000000da30600000)]
  0x000002b8d54e5800 JavaThread "Sweeper thread" daemon [_thread_blocked, id=29244, stack(0x000000da30600000,0x000000da30700000)]
  0x000002b8d56a9800 JavaThread "JDWP Transport Listener: dt_socket" daemon [_thread_blocked, id=42440, stack(0x000000da30700000,0x000000da30800000)] _threads_hazard_ptr=0x000002b8d65b6830
  0x000002b8d56be000 JavaThread "JDWP Event Helper Thread" daemon [_thread_blocked, id=30736, stack(0x000000da30800000,0x000000da30900000)]
  0x000002b8d56c0000 JavaThread "JDWP Command Reader" daemon [_thread_in_native, id=41344, stack(0x000000da30900000,0x000000da30a00000)]
  0x000002b8d56d4800 JavaThread "Service Thread" daemon [_thread_blocked, id=25040, stack(0x000000da30a00000,0x000000da30b00000)]
  0x000002b8d56e6000 JavaThread "Common-Cleaner" daemon [_thread_blocked, id=20416, stack(0x000000da30c00000,0x000000da30d00000)]
  0x000002b8d58c1800 JavaThread "ReaderThread" [_thread_in_native, id=28432, stack(0x000000da30e00000,0x000000da30f00000)]

Other Threads:
=>0x000002b8d4b92000 VMThread "VM Thread" [stack: 0x000000da2ff00000,0x000000da30000000] [id=51900]
  0x000002b8d56dc800 WatcherThread [stack: 0x000000da30b00000,0x000000da30c00000] [id=32356]
  0x000002b8b5fb1800 GCTaskThread "GC Thread#0" [stack: 0x000000da2fa00000,0x000000da2fb00000] [id=36844]
  0x000002b8d6854800 GCTaskThread "GC Thread#1" [stack: 0x000000da31000000,0x000000da31100000] [id=5432]
  0x000002b8d65b2800 GCTaskThread "GC Thread#2" [stack: 0x000000da31100000,0x000000da31200000] [id=10052]
  0x000002b8d65b3800 GCTaskThread "GC Thread#3" [stack: 0x000000da31200000,0x000000da31300000] [id=40000]
  0x000002b8b5fe3000 ConcurrentGCThread "G1 Main Marker" [stack: 0x000000da2fb00000,0x000000da2fc00000] [id=33232]
  0x000002b8b5fe5000 ConcurrentGCThread "G1 Conc#0" [stack: 0x000000da2fc00000,0x000000da2fd00000] [id=43044]
  0x000002b8b6067800 ConcurrentGCThread "G1 Refine#0" [stack: 0x000000da2fd00000,0x000000da2fe00000] [id=8492]
  0x000002b8d4a02800 ConcurrentGCThread "G1 Young RemSet Sampling" [stack: 0x000000da2fe00000,0x000000da2ff00000] [id=37160]

Threads with active compile tasks:

VM state:at safepoint (normal execution)

VM Mutex/Monitor currently owned by a thread:  ([mutex/lock_event])
[0x000002b8b5f98c60] Threads_lock - owner thread: 0x000002b8d4b92000

Heap address: 0x0000000083a00000, size: 1990 MB, Compressed Oops mode: 32-bit
Narrow klass base: 0x0000000000000000, Narrow klass shift: 3
Compressed class space size: 1073741824 Address: 0x0000000100000000

Heap:
 garbage-first heap   total 129024K, used 10073K [0x0000000083a00000, 0x0000000100000000)
  region size 1024K, 6 young (6144K), 3 survivors (3072K)
 Metaspace       used 15066K, capacity 15447K, committed 15616K, reserved 1062912K
  class space    used 1538K, capacity 1665K, committed 1792K, reserved 1048576K
Heap Regions: E=young(eden), S=young(survivor), O=old, HS=humongous(starts), HC=humongous(continues), CS=collection set, F=free, A=archive, TAMS=top-at-mark-start (previous, next)
|   0|0x0000000083a00000, 0x0000000083b00000, 0x0000000083b00000|100%|HS|  |TAMS 0x0000000083a00000, 0x0000000083a00000| Complete 
|   1|0x0000000083b00000, 0x0000000083c00000, 0x0000000083c00000|100%| O|  |TAMS 0x0000000083b00000, 0x0000000083b00000| Untracked 
|   2|0x0000000083c00000, 0x0000000083d00000, 0x0000000083d00000|100%| O|  |TAMS 0x0000000083c00000, 0x0000000083c00000| Untracked 
|   3|0x0000000083d00000, 0x0000000083e00000, 0x0000000083e00000|100%| O|  |TAMS 0x0000000083d00000, 0x0000000083d00000| Untracked 
|   4|0x0000000083e00000, 0x0000000083ed6400, 0x0000000083f00000| 83%| O|  |TAMS 0x0000000083e00000, 0x0000000083e00000| Untracked 
|   5|0x0000000083f00000, 0x0000000083f00000, 0x0000000084000000|  0%| F|  |TAMS 0x0000000083f00000, 0x0000000083f00000| Untracked 
|   6|0x0000000084000000, 0x0000000084000000, 0x0000000084100000|  0%| F|  |TAMS 0x0000000084000000, 0x0000000084000000| Untracked 
|   7|0x0000000084100000, 0x0000000084100000, 0x0000000084200000|  0%| F|  |TAMS 0x0000000084100000, 0x0000000084100000| Untracked 
|   8|0x0000000084200000, 0x0000000084200000, 0x0000000084300000|  0%| F|  |TAMS 0x0000000084200000, 0x0000000084200000| Untracked 
|   9|0x0000000084300000, 0x0000000084300000, 0x0000000084400000|  0%| F|  |TAMS 0x0000000084300000, 0x0000000084300000| Untracked 
|  10|0x0000000084400000, 0x0000000084400000, 0x0000000084500000|  0%| F|  |TAMS 0x0000000084400000, 0x0000000084400000| Untracked 
|  11|0x0000000084500000, 0x0000000084500000, 0x0000000084600000|  0%| F|  |TAMS 0x0000000084500000, 0x0000000084500000| Untracked 
|  12|0x0000000084600000, 0x0000000084600000, 0x0000000084700000|  0%| F|  |TAMS 0x0000000084600000, 0x0000000084600000| Untracked 
|  13|0x0000000084700000, 0x0000000084700000, 0x0000000084800000|  0%| F|  |TAMS 0x0000000084700000, 0x0000000084700000| Untracked 
|  14|0x0000000084800000, 0x0000000084800000, 0x0000000084900000|  0%| F|  |TAMS 0x0000000084800000, 0x0000000084800000| Untracked 
|  15|0x0000000084900000, 0x0000000084900000, 0x0000000084a00000|  0%| F|  |TAMS 0x0000000084900000, 0x0000000084900000| Untracked 
|  16|0x0000000084a00000, 0x0000000084a00000, 0x0000000084b00000|  0%| F|  |TAMS 0x0000000084a00000, 0x0000000084a00000| Untracked 
|  17|0x0000000084b00000, 0x0000000084b00000, 0x0000000084c00000|  0%| F|  |TAMS 0x0000000084b00000, 0x0000000084b00000| Untracked 
|  18|0x0000000084c00000, 0x0000000084c00000, 0x0000000084d00000|  0%| F|  |TAMS 0x0000000084c00000, 0x0000000084c00000| Untracked 
|  19|0x0000000084d00000, 0x0000000084d00000, 0x0000000084e00000|  0%| F|  |TAMS 0x0000000084d00000, 0x0000000084d00000| Untracked 
|  20|0x0000000084e00000, 0x0000000084e00000, 0x0000000084f00000|  0%| F|  |TAMS 0x0000000084e00000, 0x0000000084e00000| Untracked 
|  21|0x0000000084f00000, 0x0000000084f00000, 0x0000000085000000|  0%| F|  |TAMS 0x0000000084f00000, 0x0000000084f00000| Untracked 
|  22|0x0000000085000000, 0x0000000085000000, 0x0000000085100000|  0%| F|  |TAMS 0x0000000085000000, 0x0000000085000000| Untracked 
|  23|0x0000000085100000, 0x0000000085100000, 0x0000000085200000|  0%| F|  |TAMS 0x0000000085100000, 0x0000000085100000| Untracked 
|  24|0x0000000085200000, 0x0000000085200000, 0x0000000085300000|  0%| F|  |TAMS 0x0000000085200000, 0x0000000085200000| Untracked 
|  25|0x0000000085300000, 0x0000000085300000, 0x0000000085400000|  0%| F|  |TAMS 0x0000000085300000, 0x0000000085300000| Untracked 
|  26|0x0000000085400000, 0x0000000085400000, 0x0000000085500000|  0%| F|  |TAMS 0x0000000085400000, 0x0000000085400000| Untracked 
|  27|0x0000000085500000, 0x0000000085500000, 0x0000000085600000|  0%| F|  |TAMS 0x0000000085500000, 0x0000000085500000| Untracked 
|  28|0x0000000085600000, 0x0000000085600000, 0x0000000085700000|  0%| F|  |TAMS 0x0000000085600000, 0x0000000085600000| Untracked 
|  29|0x0000000085700000, 0x0000000085700000, 0x0000000085800000|  0%| F|  |TAMS 0x0000000085700000, 0x0000000085700000| Untracked 
|  30|0x0000000085800000, 0x0000000085800000, 0x0000000085900000|  0%| F|  |TAMS 0x0000000085800000, 0x0000000085800000| Untracked 
|  31|0x0000000085900000, 0x0000000085900000, 0x0000000085a00000|  0%| F|  |TAMS 0x0000000085900000, 0x0000000085900000| Untracked 
|  32|0x0000000085a00000, 0x0000000085a00000, 0x0000000085b00000|  0%| F|  |TAMS 0x0000000085a00000, 0x0000000085a00000| Untracked 
|  33|0x0000000085b00000, 0x0000000085b00000, 0x0000000085c00000|  0%| F|  |TAMS 0x0000000085b00000, 0x0000000085b00000| Untracked 
|  34|0x0000000085c00000, 0x0000000085c00000, 0x0000000085d00000|  0%| F|  |TAMS 0x0000000085c00000, 0x0000000085c00000| Untracked 
|  35|0x0000000085d00000, 0x0000000085d00000, 0x0000000085e00000|  0%| F|  |TAMS 0x0000000085d00000, 0x0000000085d00000| Untracked 
|  36|0x0000000085e00000, 0x0000000085e00000, 0x0000000085f00000|  0%| F|  |TAMS 0x0000000085e00000, 0x0000000085e00000| Untracked 
|  37|0x0000000085f00000, 0x0000000085f00000, 0x0000000086000000|  0%| F|  |TAMS 0x0000000085f00000, 0x0000000085f00000| Untracked 
|  38|0x0000000086000000, 0x0000000086000000, 0x0000000086100000|  0%| F|  |TAMS 0x0000000086000000, 0x0000000086000000| Untracked 
|  39|0x0000000086100000, 0x0000000086100000, 0x0000000086200000|  0%| F|  |TAMS 0x0000000086100000, 0x0000000086100000| Untracked 
|  40|0x0000000086200000, 0x0000000086200000, 0x0000000086300000|  0%| F|  |TAMS 0x0000000086200000, 0x0000000086200000| Untracked 
|  41|0x0000000086300000, 0x0000000086300000, 0x0000000086400000|  0%| F|  |TAMS 0x0000000086300000, 0x0000000086300000| Untracked 
|  42|0x0000000086400000, 0x0000000086400000, 0x0000000086500000|  0%| F|  |TAMS 0x0000000086400000, 0x0000000086400000| Untracked 
|  43|0x0000000086500000, 0x0000000086500000, 0x0000000086600000|  0%| F|  |TAMS 0x0000000086500000, 0x0000000086500000| Untracked 
|  44|0x0000000086600000, 0x0000000086600000, 0x0000000086700000|  0%| F|  |TAMS 0x0000000086600000, 0x0000000086600000| Untracked 
|  45|0x0000000086700000, 0x0000000086700000, 0x0000000086800000|  0%| F|  |TAMS 0x0000000086700000, 0x0000000086700000| Untracked 
|  46|0x0000000086800000, 0x0000000086800000, 0x0000000086900000|  0%| F|  |TAMS 0x0000000086800000, 0x0000000086800000| Untracked 
|  47|0x0000000086900000, 0x0000000086900000, 0x0000000086a00000|  0%| F|  |TAMS 0x0000000086900000, 0x0000000086900000| Untracked 
|  48|0x0000000086a00000, 0x0000000086a00000, 0x0000000086b00000|  0%| F|  |TAMS 0x0000000086a00000, 0x0000000086a00000| Untracked 
|  49|0x0000000086b00000, 0x0000000086b00000, 0x0000000086c00000|  0%| F|  |TAMS 0x0000000086b00000, 0x0000000086b00000| Untracked 
|  50|0x0000000086c00000, 0x0000000086c00000, 0x0000000086d00000|  0%| F|  |TAMS 0x0000000086c00000, 0x0000000086c00000| Untracked 
|  51|0x0000000086d00000, 0x0000000086d00000, 0x0000000086e00000|  0%| F|  |TAMS 0x0000000086d00000, 0x0000000086d00000| Untracked 
|  52|0x0000000086e00000, 0x0000000086e00000, 0x0000000086f00000|  0%| F|  |TAMS 0x0000000086e00000, 0x0000000086e00000| Untracked 
|  53|0x0000000086f00000, 0x0000000086f00000, 0x0000000087000000|  0%| F|  |TAMS 0x0000000086f00000, 0x0000000086f00000| Untracked 
|  54|0x0000000087000000, 0x0000000087000000, 0x0000000087100000|  0%| F|  |TAMS 0x0000000087000000, 0x0000000087000000| Untracked 
|  55|0x0000000087100000, 0x0000000087100000, 0x0000000087200000|  0%| F|  |TAMS 0x0000000087100000, 0x0000000087100000| Untracked 
|  56|0x0000000087200000, 0x0000000087200000, 0x0000000087300000|  0%| F|  |TAMS 0x0000000087200000, 0x0000000087200000| Untracked 
|  57|0x0000000087300000, 0x0000000087300000, 0x0000000087400000|  0%| F|  |TAMS 0x0000000087300000, 0x0000000087300000| Untracked 
|  58|0x0000000087400000, 0x0000000087400000, 0x0000000087500000|  0%| F|  |TAMS 0x0000000087400000, 0x0000000087400000| Untracked 
|  59|0x0000000087500000, 0x0000000087500000, 0x0000000087600000|  0%| F|  |TAMS 0x0000000087500000, 0x0000000087500000| Untracked 
|  60|0x0000000087600000, 0x0000000087600000, 0x0000000087700000|  0%| F|  |TAMS 0x0000000087600000, 0x0000000087600000| Untracked 
|  61|0x0000000087700000, 0x0000000087700000, 0x0000000087800000|  0%| F|  |TAMS 0x0000000087700000, 0x0000000087700000| Untracked 
|  62|0x0000000087800000, 0x0000000087800000, 0x0000000087900000|  0%| F|  |TAMS 0x0000000087800000, 0x0000000087800000| Untracked 
|  63|0x0000000087900000, 0x0000000087900000, 0x0000000087a00000|  0%| F|  |TAMS 0x0000000087900000, 0x0000000087900000| Untracked 
|  64|0x0000000087a00000, 0x0000000087a00000, 0x0000000087b00000|  0%| F|  |TAMS 0x0000000087a00000, 0x0000000087a00000| Untracked 
|  65|0x0000000087b00000, 0x0000000087b00000, 0x0000000087c00000|  0%| F|  |TAMS 0x0000000087b00000, 0x0000000087b00000| Untracked 
|  66|0x0000000087c00000, 0x0000000087c00000, 0x0000000087d00000|  0%| F|  |TAMS 0x0000000087c00000, 0x0000000087c00000| Untracked 
|  67|0x0000000087d00000, 0x0000000087d00000, 0x0000000087e00000|  0%| F|  |TAMS 0x0000000087d00000, 0x0000000087d00000| Untracked 
|  68|0x0000000087e00000, 0x0000000087e00000, 0x0000000087f00000|  0%| F|  |TAMS 0x0000000087e00000, 0x0000000087e00000| Untracked 
|  69|0x0000000087f00000, 0x0000000087f00000, 0x0000000088000000|  0%| F|  |TAMS 0x0000000087f00000, 0x0000000087f00000| Untracked 
|  70|0x0000000088000000, 0x0000000088000000, 0x0000000088100000|  0%| F|  |TAMS 0x0000000088000000, 0x0000000088000000| Untracked 
|  71|0x0000000088100000, 0x0000000088100000, 0x0000000088200000|  0%| F|  |TAMS 0x0000000088100000, 0x0000000088100000| Untracked 
|  72|0x0000000088200000, 0x0000000088200000, 0x0000000088300000|  0%| F|  |TAMS 0x0000000088200000, 0x0000000088200000| Untracked 
|  73|0x0000000088300000, 0x0000000088300000, 0x0000000088400000|  0%| F|  |TAMS 0x0000000088300000, 0x0000000088300000| Untracked 
|  74|0x0000000088400000, 0x0000000088400000, 0x0000000088500000|  0%| F|  |TAMS 0x0000000088400000, 0x0000000088400000| Untracked 
|  75|0x0000000088500000, 0x0000000088500000, 0x0000000088600000|  0%| F|  |TAMS 0x0000000088500000, 0x0000000088500000| Untracked 
|  76|0x0000000088600000, 0x0000000088600000, 0x0000000088700000|  0%| F|  |TAMS 0x0000000088600000, 0x0000000088600000| Untracked 
|  77|0x0000000088700000, 0x0000000088700000, 0x0000000088800000|  0%| F|  |TAMS 0x0000000088700000, 0x0000000088700000| Untracked 
|  78|0x0000000088800000, 0x0000000088800000, 0x0000000088900000|  0%| F|  |TAMS 0x0000000088800000, 0x0000000088800000| Untracked 
|  79|0x0000000088900000, 0x0000000088900000, 0x0000000088a00000|  0%| F|  |TAMS 0x0000000088900000, 0x0000000088900000| Untracked 
|  80|0x0000000088a00000, 0x0000000088a00000, 0x0000000088b00000|  0%| F|  |TAMS 0x0000000088a00000, 0x0000000088a00000| Untracked 
|  81|0x0000000088b00000, 0x0000000088b00000, 0x0000000088c00000|  0%| F|  |TAMS 0x0000000088b00000, 0x0000000088b00000| Untracked 
|  82|0x0000000088c00000, 0x0000000088c00000, 0x0000000088d00000|  0%| F|  |TAMS 0x0000000088c00000, 0x0000000088c00000| Untracked 
|  83|0x0000000088d00000, 0x0000000088d00000, 0x0000000088e00000|  0%| F|  |TAMS 0x0000000088d00000, 0x0000000088d00000| Untracked 
|  84|0x0000000088e00000, 0x0000000088e00000, 0x0000000088f00000|  0%| F|  |TAMS 0x0000000088e00000, 0x0000000088e00000| Untracked 
|  85|0x0000000088f00000, 0x0000000088f00000, 0x0000000089000000|  0%| F|  |TAMS 0x0000000088f00000, 0x0000000088f00000| Untracked 
|  86|0x0000000089000000, 0x0000000089000000, 0x0000000089100000|  0%| F|  |TAMS 0x0000000089000000, 0x0000000089000000| Untracked 
|  87|0x0000000089100000, 0x0000000089100000, 0x0000000089200000|  0%| F|  |TAMS 0x0000000089100000, 0x0000000089100000| Untracked 
|  88|0x0000000089200000, 0x0000000089200000, 0x0000000089300000|  0%| F|  |TAMS 0x0000000089200000, 0x0000000089200000| Untracked 
|  89|0x0000000089300000, 0x0000000089300000, 0x0000000089400000|  0%| F|  |TAMS 0x0000000089300000, 0x0000000089300000| Untracked 
|  90|0x0000000089400000, 0x0000000089400000, 0x0000000089500000|  0%| F|  |TAMS 0x0000000089400000, 0x0000000089400000| Untracked 
|  91|0x0000000089500000, 0x0000000089500000, 0x0000000089600000|  0%| F|  |TAMS 0x0000000089500000, 0x0000000089500000| Untracked 
|  92|0x0000000089600000, 0x0000000089600000, 0x0000000089700000|  0%| F|  |TAMS 0x0000000089600000, 0x0000000089600000| Untracked 
|  93|0x0000000089700000, 0x0000000089700000, 0x0000000089800000|  0%| F|  |TAMS 0x0000000089700000, 0x0000000089700000| Untracked 
|  94|0x0000000089800000, 0x0000000089800000, 0x0000000089900000|  0%| F|  |TAMS 0x0000000089800000, 0x0000000089800000| Untracked 
|  95|0x0000000089900000, 0x0000000089900000, 0x0000000089a00000|  0%| F|  |TAMS 0x0000000089900000, 0x0000000089900000| Untracked 
|  96|0x0000000089a00000, 0x0000000089a00000, 0x0000000089b00000|  0%| F|  |TAMS 0x0000000089a00000, 0x0000000089a00000| Untracked 
|  97|0x0000000089b00000, 0x0000000089b00000, 0x0000000089c00000|  0%| F|  |TAMS 0x0000000089b00000, 0x0000000089b00000| Untracked 
|  98|0x0000000089c00000, 0x0000000089c00000, 0x0000000089d00000|  0%| F|  |TAMS 0x0000000089c00000, 0x0000000089c00000| Untracked 
|  99|0x0000000089d00000, 0x0000000089e00000, 0x0000000089e00000|100%| S|CS|TAMS 0x0000000089d00000, 0x0000000089d00000| Complete 
| 100|0x0000000089e00000, 0x0000000089f00000, 0x0000000089f00000|100%| S|CS|TAMS 0x0000000089e00000, 0x0000000089e00000| Complete 
| 101|0x0000000089f00000, 0x000000008a000000, 0x000000008a000000|100%| S|CS|TAMS 0x0000000089f00000, 0x0000000089f00000| Complete 
| 102|0x000000008a000000, 0x000000008a000000, 0x000000008a100000|  0%| F|  |TAMS 0x000000008a000000, 0x000000008a000000| Untracked 
| 103|0x000000008a100000, 0x000000008a100000, 0x000000008a200000|  0%| F|  |TAMS 0x000000008a100000, 0x000000008a100000| Untracked 
| 104|0x000000008a200000, 0x000000008a200000, 0x000000008a300000|  0%| F|  |TAMS 0x000000008a200000, 0x000000008a200000| Untracked 
| 105|0x000000008a300000, 0x000000008a300000, 0x000000008a400000|  0%| F|  |TAMS 0x000000008a300000, 0x000000008a300000| Untracked 
| 106|0x000000008a400000, 0x000000008a400000, 0x000000008a500000|  0%| F|  |TAMS 0x000000008a400000, 0x000000008a400000| Untracked 
| 107|0x000000008a500000, 0x000000008a500000, 0x000000008a600000|  0%| F|  |TAMS 0x000000008a500000, 0x000000008a500000| Untracked 
| 108|0x000000008a600000, 0x000000008a600000, 0x000000008a700000|  0%| F|  |TAMS 0x000000008a600000, 0x000000008a600000| Untracked 
| 109|0x000000008a700000, 0x000000008a700000, 0x000000008a800000|  0%| F|  |TAMS 0x000000008a700000, 0x000000008a700000| Untracked 
| 110|0x000000008a800000, 0x000000008a800000, 0x000000008a900000|  0%| F|  |TAMS 0x000000008a800000, 0x000000008a800000| Untracked 
| 111|0x000000008a900000, 0x000000008a900000, 0x000000008aa00000|  0%| F|  |TAMS 0x000000008a900000, 0x000000008a900000| Untracked 
| 112|0x000000008aa00000, 0x000000008aa00000, 0x000000008ab00000|  0%| F|  |TAMS 0x000000008aa00000, 0x000000008aa00000| Untracked 
| 113|0x000000008ab00000, 0x000000008ab00000, 0x000000008ac00000|  0%| F|  |TAMS 0x000000008ab00000, 0x000000008ab00000| Untracked 
| 114|0x000000008ac00000, 0x000000008ac00000, 0x000000008ad00000|  0%| F|  |TAMS 0x000000008ac00000, 0x000000008ac00000| Untracked 
| 115|0x000000008ad00000, 0x000000008ad00000, 0x000000008ae00000|  0%| F|  |TAMS 0x000000008ad00000, 0x000000008ad00000| Untracked 
| 116|0x000000008ae00000, 0x000000008ae00000, 0x000000008af00000|  0%| F|  |TAMS 0x000000008ae00000, 0x000000008ae00000| Untracked 
| 117|0x000000008af00000, 0x000000008af00000, 0x000000008b000000|  0%| F|  |TAMS 0x000000008af00000, 0x000000008af00000| Untracked 
| 118|0x000000008b000000, 0x000000008b000000, 0x000000008b100000|  0%| F|  |TAMS 0x000000008b000000, 0x000000008b000000| Untracked 
| 119|0x000000008b100000, 0x000000008b100000, 0x000000008b200000|  0%| F|  |TAMS 0x000000008b100000, 0x000000008b100000| Untracked 
| 120|0x000000008b200000, 0x000000008b200000, 0x000000008b300000|  0%| F|  |TAMS 0x000000008b200000, 0x000000008b200000| Untracked 
| 121|0x000000008b300000, 0x000000008b300000, 0x000000008b400000|  0%| F|  |TAMS 0x000000008b300000, 0x000000008b300000| Untracked 
| 122|0x000000008b400000, 0x000000008b400000, 0x000000008b500000|  0%| F|  |TAMS 0x000000008b400000, 0x000000008b400000| Untracked 
| 123|0x000000008b500000, 0x000000008b580800, 0x000000008b600000| 50%| E|  |TAMS 0x000000008b500000, 0x000000008b500000| Complete 
| 124|0x000000008b600000, 0x000000008b700000, 0x000000008b700000|100%| E|CS|TAMS 0x000000008b600000, 0x000000008b600000| Complete 
| 125|0x000000008b700000, 0x000000008b800000, 0x000000008b800000|100%| E|CS|TAMS 0x000000008b700000, 0x000000008b700000| Complete 

Card table byte_map: [0x000002b8cdb40000,0x000002b8cdf30000] _byte_map_base: 0x000002b8cd723000

Marking Bits (Prev, Next): (CMBitMap*) 0x000002b8b5fda908, (CMBitMap*) 0x000002b8b5fda940
 Prev Bits: [0x000002b8ce320000, 0x000002b8d0238000)
 Next Bits: [0x000002b8d0240000, 0x000002b8d2158000)

Polling page: 0x000002b8b3f50000

Metaspace:

Usage:
  Non-class:     13.46 MB capacity,    13.21 MB ( 98%) used,   221.57 KB (  2%) free+waste,    32.44 KB ( <1%) overhead. 
      Class:      1.63 MB capacity,     1.50 MB ( 92%) used,   111.48 KB (  7%) free+waste,    15.50 KB ( <1%) overhead. 
       Both:     15.08 MB capacity,    14.71 MB ( 98%) used,   333.05 KB (  2%) free+waste,    47.94 KB ( <1%) overhead. 

Virtual space:
  Non-class space:       14.00 MB reserved,      13.50 MB ( 96%) committed 
      Class space:        1.00 GB reserved,       1.75 MB ( <1%) committed 
             Both:        1.01 GB reserved,      15.25 MB (  1%) committed 

Chunk freelists:
   Non-Class:  5.25 KB
       Class:  3.88 KB
        Both:  9.13 KB

CodeHeap 'non-profiled nmethods': size=120000Kb used=323Kb max_used=323Kb free=119676Kb
 bounds [0x000002b8c5ef0000, 0x000002b8c6160000, 0x000002b8cd420000]
CodeHeap 'profiled nmethods': size=120000Kb used=1824Kb max_used=1824Kb free=118175Kb
 bounds [0x000002b8be9c0000, 0x000002b8bec30000, 0x000002b8c5ef0000]
CodeHeap 'non-nmethods': size=5760Kb used=1183Kb max_used=1187Kb free=4576Kb
 bounds [0x000002b8be420000, 0x000002b8be690000, 0x000002b8be9c0000]
 total_blobs=1412 nmethods=1015 adapters=317
 compilation: enabled
              stopped_count=0, restarted_count=0
 full_count=0

Compilation events (10 events):
Event: 1.204 Thread 0x000002b8d54e2800 nmethod 982 0x000002b8beb86610 code [0x000002b8beb867c0, 0x000002b8beb86908]
Event: 1.204 Thread 0x000002b8d54e2800  983       3       jdk.internal.org.objectweb.asm.ClassWriter::newNameTypeItem (71 bytes)
Event: 1.204 Thread 0x000002b8d4bd5800 nmethod 981 0x000002b8c5f3d410 code [0x000002b8c5f3d5a0, 0x000002b8c5f3d618]
Event: 1.205 Thread 0x000002b8d54e2800 nmethod 983 0x000002b8beb86a10 code [0x000002b8beb86c40, 0x000002b8beb87098]
Event: 1.205 Thread 0x000002b8d54e2800  986       3       java.lang.AbstractStringBuilder::append (55 bytes)
Event: 1.205 Thread 0x000002b8d54e2800 nmethod 986 0x000002b8beb87310 code [0x000002b8beb87500, 0x000002b8beb87838]
Event: 1.205 Thread 0x000002b8d54e2800  987       3       java.lang.StringBuilder::append (8 bytes)
Event: 1.205 Thread 0x000002b8d54e2800 nmethod 987 0x000002b8beb87990 code [0x000002b8beb87b40, 0x000002b8beb87c88]
Event: 1.205 Thread 0x000002b8d54e2800  988       3       jdk.internal.org.objectweb.asm.Item::<init> (5 bytes)
Event: 1.205 Thread 0x000002b8d54e2800 nmethod 988 0x000002b8beb87d10 code [0x000002b8beb87ec0, 0x000002b8beb88018]

GC Heap History (2 events):
Event: 1.694 GC heap before
{Heap before GC invocations=0 (full 0):
 garbage-first heap   total 129024K, used 24576K [0x0000000083a00000, 0x0000000100000000)
  region size 1024K, 24 young (24576K), 0 survivors (0K)
 Metaspace       used 14689K, capacity 15042K, committed 15232K, reserved 1062912K
  class space    used 1491K, capacity 1614K, committed 1664K, reserved 1048576K
}
Event: 1.699 GC heap after
{Heap after GC invocations=1 (full 0):
 garbage-first heap   total 129024K, used 8025K [0x0000000083a00000, 0x0000000100000000)
  region size 1024K, 3 young (3072K), 3 survivors (3072K)
 Metaspace       used 14689K, capacity 15042K, committed 15232K, reserved 1062912K
  class space    used 1491K, capacity 1614K, committed 1664K, reserved 1048576K
}

Deoptimization events (5 events):
Event: 0.311 Thread 0x000002b8b5f9d000 Uncommon trap: reason=unstable_if action=reinterpret pc=0x000002b8c5ef5f38 method=java.lang.String.hashCode()I @ 14 c2
Event: 0.317 Thread 0x000002b8b5f9d000 Uncommon trap: reason=unstable_if action=reinterpret pc=0x000002b8c5ef13f0 method=java.lang.String.isLatin1()Z @ 10 c2
Event: 0.512 Thread 0x000002b8b5f9d000 Uncommon trap: reason=unstable_if action=reinterpret pc=0x000002b8c5f0c44c method=java.util.zip.ZipFile$Source.isMetaName([BII)Z @ 43 c2
Event: 0.520 Thread 0x000002b8b5f9d000 Uncommon trap: reason=unstable_if action=reinterpret pc=0x000002b8c5f033e0 method=java.lang.String.startsWith(Ljava/lang/String;I)Z @ 1 c2
Event: 0.583 Thread 0x000002b8b5f9d000 Uncommon trap: reason=unstable_if action=reinterpret pc=0x000002b8c5f0d604 method=java.io.WinNTFileSystem.isSlash(C)Z @ 9 c2

Classes redefined (10 events):
Event: 139.021 Thread 0x000002b8d4b92000 redefined class name=testBase.ObjectsRepo, count=1
Event: 139.023 Thread 0x000002b8d4b92000 redefined class name=SunflowerApp_Tests.AddPlant_Test, count=3
Event: 139.025 Thread 0x000002b8d4b92000 redefined class name=reusableComponents.PropertiesOperations, count=1
Event: 1281.267 Thread 0x000002b8d4b92000 redefined class name=testBase.BaseTest, count=3
Event: 1281.270 Thread 0x000002b8d4b92000 redefined class name=testBase.ObjectsRepo, count=2
Event: 1281.273 Thread 0x000002b8d4b92000 redefined class name=SunflowerApp_Tests.AddPlant_Test, count=6
Event: 1281.275 Thread 0x000002b8d4b92000 redefined class name=reusableComponents.PropertiesOperations, count=2
Event: 1656.639 Thread 0x000002b8d4b92000 redefined class name=SunflowerApp_Tests.AddPlant_Test, count=7
Event: 1841.438 Thread 0x000002b8d4b92000 redefined class name=SunflowerApp_Tests.AddPlant_Test, count=8
Event: 2025.297 Thread 0x000002b8d4b92000 redefined class name=SunflowerApp_Tests.AddPlant_Test, count=9

Internal exceptions (10 events):
Event: 1.444 Thread 0x000002b8b5f9d000 Exception <a 'java/lang/NoSuchMethodError'{0x000000008a24c230}: java.lang.invoke.Invokers$Holder.linkToTargetMethod(Ljava/lang/Object;Ljava/lang/Object;Ljava/lang/Object;Ljava/lang/Object;Ljava/lang/Object;Ljava/lang/Object;Ljava/lang/Object;Ljava/lang/Ob
Event: 1.476 Thread 0x000002b8b5f9d000 Exception <a 'java/lang/NoSuchMethodError'{0x000000008a2a5380}: java.lang.invoke.Invokers$Holder.linkToTargetMethod(Ljava/lang/Object;Ljava/lang/Object;Ljava/lang/Object;Ljava/lang/Object;Ljava/lang/Object;Ljava/lang/Object;Ljava/lang/Object;)Ljava/lang/O
Event: 1.561 Thread 0x000002b8b5f9d000 Exception <a 'java/lang/IncompatibleClassChangeError'{0x000000008a1748a8}: Found class java.lang.Object, but interface was expected> (0x000000008a1748a8) thrown at [./open/src/hotspot/share/interpreter/linkResolver.cpp, line 838]
Event: 1.606 Thread 0x000002b8b5f9d000 Exception <a 'java/lang/NoSuchMethodError'{0x000000008a0023c8}: java.lang.invoke.DirectMethodHandle$Holder.invokeStatic(Ljava/lang/Object;Ljava/lang/Object;ILjava/lang/Object;)Ljava/lang/Object;> (0x000000008a0023c8) thrown at [./open/src/hotspot/share/in
Event: 1.607 Thread 0x000002b8b5f9d000 Exception <a 'java/lang/NoSuchMethodError'{0x000000008a005e40}: java.lang.invoke.DirectMethodHandle$Holder.invokeSpecial(Ljava/lang/Object;Ljava/lang/Object;Ljava/lang/Object;ILjava/lang/Object;)Ljava/lang/Object;> (0x000000008a005e40) thrown at [./open/s
Event: 1.608 Thread 0x000002b8b5f9d000 Exception <a 'java/lang/NoSuchMethodError'{0x000000008a0092d0}: java.lang.invoke.Invokers$Holder.linkToTargetMethod(Ljava/lang/Object;ILjava/lang/Object;Ljava/lang/Object;)Ljava/lang/Object;> (0x000000008a0092d0) thrown at [./open/src/hotspot/share/interp
Event: 1.632 Thread 0x000002b8b5f9d000 Exception <a 'java/lang/NoSuchMethodError'{0x000000008a042770}: java.lang.invoke.DirectMethodHandle$Holder.invokeStatic(Ljava/lang/Object;ILjava/lang/Object;)Ljava/lang/Object;> (0x000000008a042770) thrown at [./open/src/hotspot/share/interpreter/linkReso
Event: 1.643 Thread 0x000002b8b5f9d000 Exception <a 'java/lang/NoSuchMethodError'{0x000000008a05a198}: java.lang.invoke.DirectMethodHandle$Holder.newInvokeSpecial(Ljava/lang/Object;Ljava/lang/Object;Ljava/lang/Object;)Ljava/lang/Object;> (0x000000008a05a198) thrown at [./open/src/hotspot/share
Event: 1.728 Thread 0x000002b8b5f9d000 Exception <a 'java/lang/NoSuchMethodError'{0x000000008b72d088}: java.lang.invoke.DirectMethodHandle$Holder.invokeSpecial(Ljava/lang/Object;Ljava/lang/Object;Ljava/lang/Object;Ljava/lang/Object;)V> (0x000000008b72d088) thrown at [./open/src/hotspot/share/i
Event: 1.760 Thread 0x000002b8b5f9d000 Exception <a 'java/lang/NoSuchMethodError'{0x000000008b622360}: java.lang.invoke.DirectMethodHandle$Holder.invokeInterface(Ljava/lang/Object;Ljava/lang/Object;)V> (0x000000008b622360) thrown at [./open/src/hotspot/share/interpreter/linkResolver.cpp, line 

Events (10 events):
Event: 2025.339 Executing VM operation: SetFramePop done
Event: 2025.339 Executing VM operation: GetFrameLocation
Event: 2025.339 Executing VM operation: GetFrameLocation done
Event: 2025.339 Executing VM operation: GetCurrentLocation
Event: 2025.339 Executing VM operation: GetCurrentLocation done
Event: 2025.339 Executing VM operation: ChangeSingleStep
Event: 2025.339 Executing VM operation: ChangeSingleStep done
Event: 2025.340 Executing VM operation: GetFrameLocation
Event: 2025.340 Executing VM operation: GetFrameLocation done
Event: 2025.340 Executing VM operation: GetOrSetLocal


Dynamic libraries:
0x00007ff62d580000 - 0x00007ff62d58f000 	C:\Program Files\Java\jdk-11.0.10\bin\javaw.exe
0x00007ffc04d20000 - 0x00007ffc04f29000 	C:\WINDOWS\SYSTEM32\ntdll.dll
0x00007ffc031f0000 - 0x00007ffc032ad000 	C:\WINDOWS\System32\KERNEL32.DLL
0x00007ffc02830000 - 0x00007ffc02bac000 	C:\WINDOWS\System32\KERNELBASE.dll
0x00007ffc02530000 - 0x00007ffc02641000 	C:\WINDOWS\System32\ucrtbase.dll
0x00007ffbd8720000 - 0x00007ffbd8738000 	C:\Program Files\Java\jdk-11.0.10\bin\jli.dll
0x00007ffbd8700000 - 0x00007ffbd8715000 	C:\Program Files\Java\jdk-11.0.10\bin\VCRUNTIME140.dll
0x00007ffc03400000 - 0x00007ffc034ae000 	C:\WINDOWS\System32\ADVAPI32.dll
0x00007ffc032b0000 - 0x00007ffc03353000 	C:\WINDOWS\System32\msvcrt.dll
0x00007ffc03360000 - 0x00007ffc033fe000 	C:\WINDOWS\System32\sechost.dll
0x00007ffc03a70000 - 0x00007ffc03b90000 	C:\WINDOWS\System32\RPCRT4.dll
0x00007ffc03b90000 - 0x00007ffc03d3d000 	C:\WINDOWS\System32\USER32.dll
0x00007ffc02500000 - 0x00007ffc02526000 	C:\WINDOWS\System32\win32u.dll
0x00007ffbe22d0000 - 0x00007ffbe2575000 	C:\WINDOWS\WinSxS\amd64_microsoft.windows.common-controls_6595b64144ccf1df_6.0.22000.120_none_9d947278b86cc467\COMCTL32.dll
0x00007ffc03df0000 - 0x00007ffc03e19000 	C:\WINDOWS\System32\GDI32.dll
0x00007ffc02650000 - 0x00007ffc02768000 	C:\WINDOWS\System32\gdi32full.dll
0x00007ffc02200000 - 0x00007ffc0229d000 	C:\WINDOWS\System32\msvcp_win.dll
0x00007ffbfcd30000 - 0x00007ffbfcd3a000 	C:\WINDOWS\SYSTEM32\VERSION.dll
0x00007ffc04a50000 - 0x00007ffc04a81000 	C:\WINDOWS\System32\IMM32.DLL
0x00007ffbd81f0000 - 0x00007ffbd828b000 	C:\Program Files\Java\jdk-11.0.10\bin\msvcp140.dll
0x00007ffbd73b0000 - 0x00007ffbd7eab000 	C:\Program Files\Java\jdk-11.0.10\bin\server\jvm.dll
0x00007ffc03970000 - 0x00007ffc03978000 	C:\WINDOWS\System32\PSAPI.DLL
0x00007ffbfd0d0000 - 0x00007ffbfd103000 	C:\WINDOWS\SYSTEM32\WINMM.dll
0x00007ffbe35d0000 - 0x00007ffbe35d9000 	C:\WINDOWS\SYSTEM32\WSOCK32.dll
0x00007ffc03900000 - 0x00007ffc0396f000 	C:\WINDOWS\System32\WS2_32.dll
0x00007ffc013c0000 - 0x00007ffc013d8000 	C:\WINDOWS\SYSTEM32\kernel.appcore.dll
0x00007ffbd8000000 - 0x00007ffbd8010000 	C:\Program Files\Java\jdk-11.0.10\bin\verify.dll
0x00007ffbffce0000 - 0x00007ffbfff01000 	C:\WINDOWS\SYSTEM32\DBGHELP.DLL
0x00007ffbfb7a0000 - 0x00007ffbfb7d1000 	C:\WINDOWS\SYSTEM32\dbgcore.DLL
0x00007ffc022a0000 - 0x00007ffc0231f000 	C:\WINDOWS\System32\bcryptPrimitives.dll
0x00007ffbd7fd0000 - 0x00007ffbd7ff8000 	C:\Program Files\Java\jdk-11.0.10\bin\java.dll
0x00007ffbd7fc0000 - 0x00007ffbd7fca000 	C:\Program Files\Java\jdk-11.0.10\bin\jimage.dll
0x00007ffbfa580000 - 0x00007ffbfa5b8000 	C:\Program Files\Java\jdk-11.0.10\bin\jdwp.dll
0x00007ffbd7f80000 - 0x00007ffbd7f96000 	C:\Program Files\Java\jdk-11.0.10\bin\zip.dll
0x00007ffc03e20000 - 0x00007ffc045d8000 	C:\WINDOWS\System32\SHELL32.dll
0x00007ffc00320000 - 0x00007ffc00b88000 	C:\WINDOWS\SYSTEM32\windows.storage.dll
0x00007ffc02e70000 - 0x00007ffc031e9000 	C:\WINDOWS\System32\combase.dll
0x00007ffc001b0000 - 0x00007ffc00316000 	C:\WINDOWS\SYSTEM32\wintypes.dll
0x00007ffc03980000 - 0x00007ffc03a6a000 	C:\WINDOWS\System32\SHCORE.dll
0x00007ffc04b80000 - 0x00007ffc04bdd000 	C:\WINDOWS\System32\shlwapi.dll
0x00007ffc02130000 - 0x00007ffc02151000 	C:\WINDOWS\SYSTEM32\profapi.dll
0x00007ffbfa570000 - 0x00007ffbfa57a000 	C:\Program Files\Java\jdk-11.0.10\bin\dt_socket.dll
0x00007ffc01810000 - 0x00007ffc01877000 	C:\WINDOWS\System32\mswsock.dll
0x00007ffc00f00000 - 0x00007ffc00fe8000 	C:\WINDOWS\SYSTEM32\DNSAPI.dll
0x00007ffc00ed0000 - 0x00007ffc00efd000 	C:\WINDOWS\SYSTEM32\IPHLPAPI.DLL
0x00007ffc038c0000 - 0x00007ffc038c9000 	C:\WINDOWS\System32\NSI.dll
0x00007ffbfb710000 - 0x00007ffbfb791000 	C:\WINDOWS\System32\fwpuclnt.dll
0x00007ffbf7910000 - 0x00007ffbf791a000 	C:\Windows\System32\rasadhlp.dll
0x00007ffbd37c0000 - 0x00007ffbd37d9000 	C:\Program Files\Java\jdk-11.0.10\bin\net.dll
0x00007ffbfc5f0000 - 0x00007ffbfc6fc000 	C:\WINDOWS\SYSTEM32\WINHTTP.dll
0x00007ffbd37a0000 - 0x00007ffbd37b2000 	C:\Program Files\Java\jdk-11.0.10\bin\nio.dll
0x00007ffc01a50000 - 0x00007ffc01a68000 	C:\WINDOWS\SYSTEM32\CRYPTSP.dll
0x00007ffc01310000 - 0x00007ffc01345000 	C:\WINDOWS\system32\rsaenh.dll
0x00007ffc01900000 - 0x00007ffc01929000 	C:\WINDOWS\SYSTEM32\USERENV.dll
0x00007ffc01be0000 - 0x00007ffc01c07000 	C:\WINDOWS\SYSTEM32\bcrypt.dll
0x00007ffc01a70000 - 0x00007ffc01a7c000 	C:\WINDOWS\SYSTEM32\CRYPTBASE.dll
0x00007ffbfc7c0000 - 0x00007ffbfc7d9000 	C:\WINDOWS\SYSTEM32\dhcpcsvc6.DLL
0x00007ffbfcd10000 - 0x00007ffbfcd2e000 	C:\WINDOWS\SYSTEM32\dhcpcsvc.DLL

dbghelp: loaded successfully - version: 4.0.5 - missing functions: none
symbol engine: initialized successfully - sym options: 0x614 - pdb path: .;C:\Program Files\Java\jdk-11.0.10\bin;C:\WINDOWS\SYSTEM32;C:\WINDOWS\WinSxS\amd64_microsoft.windows.common-controls_6595b64144ccf1df_6.0.22000.120_none_9d947278b86cc467;C:\Program Files\Java\jdk-11.0.10\bin\server

VM Arguments:
jvm_args: -agentlib:jdwp=transport=dt_socket,suspend=y,address=localhost:53249 -ea -Dfile.encoding=Cp1252 
java_command: org.testng.remote.RemoteTestNG -serport 53246 -protocol json -d C:\Users\DELL\eclipse-newworkspacenew\SunflowerApp\test-output C:\Users\DELL\AppData\Local\Temp\testng-eclipse-1762690634\testng-customsuite.xml
java_class_path (initial): C:\Users\DELL\eclipse\java-2021-03\eclipse\configuration\org.eclipse.osgi\561\0\.cp\lib\testng-remote.jar;C:\Users\DELL\eclipse-newworkspacenew\SunflowerApp\target\test-classes;C:\Users\DELL\eclipse-newworkspacenew\SunflowerApp\target\classes;C:\Users\DELL\.p2\pool\plugins\org.testng_7.4.0.r202105021533.jar;C:\Users\DELL\.p2\pool\plugins\com.beust.jcommander_1.78.0.jar;C:\Users\DELL\.p2\pool\plugins\org.apache-extras.beanshell.bsh_2.0.0.b6.jar;C:\Users\DELL\.p2\pool\plugins\org.yaml.snakeyaml_1.21.0.jar;C:\Users\DELL\.p2\pool\plugins\org.webjars.jquery_3.5.1.jar;C:\Users\DELL\.m2\repository\org\seleniumhq\selenium\selenium-java\4.2.0\selenium-java-4.2.0.jar;C:\Users\DELL\.m2\repository\org\seleniumhq\selenium\selenium-chrome-driver\4.2.0\selenium-chrome-driver-4.2.0.jar;C:\Users\DELL\.m2\repository\com\google\auto\service\auto-service-annotations\1.0.1\auto-service-annotations-1.0.1.jar;C:\Users\DELL\.m2\repository\com\google\auto\service\auto-service\1.0.1\auto-service-1.0.1.jar;C:\Users\DELL\.m2\repository\com\google\auto\auto-common\1.2\auto-common-1.2.jar;C:\Users\DELL\.m2\repository\com\google\guava\guava\31.1-jre\guava-31.1-jre.jar;C:\Users\DELL\.m2\repository\com\google\guava\failureaccess\1.0.1\failureaccess-1.0.1.jar;C:\Users\DELL\.m2\repository\com\google\guava\listenablefuture\9999.0-empty-to-avoid-conflict-with-guava\listenablefuture-9999.0-empty-to-avoid-conflict-with-guava.jar;C:\Users\DELL\.m2\repository\org\checkerframework\checker-qual\3.12.0\checker-qual-3.12.0.jar;C:\Users\DELL\.m2\repository\com\google\errorprone\error_prone_annotations\2.11.0\error_prone_annotations-2.11.0.jar;C:\Users\DELL\.m2\repository\com\google\j2objc\j2objc-annotations\1.3\j2objc-annotations-1.3.jar;C:\Users\DELL\.m2\repository\org\seleniumhq\selenium\selenium-chromium-driver\4.2.0\selenium-chromium-driver-4.2.0.jar;C:\Users\DELL\.m2\repository\org\seleniumhq\selenium\selenium-json\4.2.0\selenium-json-4.2.0.jar;C:\Users\DELL\.m2\repository\org\
Launcher Type: SUN_STANDARD

[Global flags]
     intx CICompilerCount                          = 4                                         {product} {ergonomic}
     uint ConcGCThreads                            = 2                                         {product} {ergonomic}
     uint G1ConcRefinementThreads                  = 8                                         {product} {ergonomic}
   size_t G1HeapRegionSize                         = 1048576                                   {product} {ergonomic}
    uintx GCDrainStackTargetSize                   = 64                                        {product} {ergonomic}
   size_t InitialHeapSize                          = 132120576                                 {product} {ergonomic}
   size_t MarkStackSize                            = 4194304                                   {product} {ergonomic}
   size_t MaxHeapSize                              = 2086666240                                {product} {ergonomic}
   size_t MaxNewSize                               = 1251999744                                {product} {ergonomic}
   size_t MinHeapDeltaBytes                        = 1048576                                   {product} {ergonomic}
    uintx NonNMethodCodeHeapSize                   = 5836300                                {pd product} {ergonomic}
    uintx NonProfiledCodeHeapSize                  = 122910970                              {pd product} {ergonomic}
    uintx ProfiledCodeHeapSize                     = 122910970                              {pd product} {ergonomic}
    uintx ReservedCodeCacheSize                    = 251658240                              {pd product} {ergonomic}
     bool SegmentedCodeCache                       = true                                      {product} {ergonomic}
     bool UseCompressedClassPointers               = true                                 {lp64_product} {ergonomic}
     bool UseCompressedOops                        = true                                 {lp64_product} {ergonomic}
     bool UseG1GC                                  = true                                      {product} {ergonomic}
     bool UseLargePagesIndividualAllocation        = false                                  {pd product} {ergonomic}

Logging:
Log output configuration:
 #0: stdout all=warning uptime,level,tags
 #1: stderr all=off uptime,level,tags

Environment Variables:
JAVA_HOME=C:\Program Files\Java\jdk-11.0.10
JRE_HOME=C:\Program Files\Java\jre1.8.0_271
PATH=C:/Program Files/Java/jdk-11.0.10/bin/server;C:/Program Files/Java/jdk-11.0.10/bin;C:\Program Files\Eclipse Adoptium\jdk-17.0.2.8-hotspot\bin;C:\Program Files\Common Files\Oracle\Java\javapath;C:\Program Files (x86)\Common Files\Oracle\Java\javapath;C:\Windows\system32;C:\Windows;C:\Windows\System32\Wbem;C:\Windows\System32\WindowsPowerShell\v1.0\;C:\Windows\System32\OpenSSH\;C:\Program Files\NVIDIA Corporation\NVIDIA NvDLISR;C:\Users\DELL\AppData\Local\Programs\Python\Python39;C:\WINDOWS\system32;C:\WINDOWS;C:\WINDOWS\System32\Wbem;C:\WINDOWS\System32\WindowsPowerShell\v1.0\;C:\WINDOWS\System32\OpenSSH\;C:\Program Files\Java\jdk-11.0.10\bin;C:\Users\DELL\Downloads\allure-commandline-2.14.0\allure-2.14.0\bin;C:\Program Files\Java\jre1.8.0_271\bin;C:\Program Files\Git\cmd;C:\Program Files\Git\bin;C:\Users\DELL\AppData\Local\Android\Sdk\platform-tools;C:\Users\DELL\AppData\Local\Android\Sdk\tools;C:\Users\DELL\AppData\Local\Android\Sdk\build-tools;C:\Program Files\Java\jdk-11.0.10;C:\Program Files\Java\jdk-11.0.10\lib;C:\Program Files\nodejs\;C:\Program Files\dotnet\;C:\Users\C:\Users\DELL\AppData\Local\Android\Sdk\emulator;;C:\Program Files\Docker\Docker\resources\bin;C:\ProgramData\DockerDesktop\version-bin;C:\Program Files\Amazon\AWSCLIV2\;C:\Program Files\PuTTY\;C:\Program Files\MySQL\MySQL Shell 8.0\bin\;C:\Program Files\Common Files\Oracle\Java\javapath;C:\Windows\system32;C:\Windows;C:\Windows\System32\Wbem;C:\Windows\System32\WindowsPowerShell\v1.0\;C:\Windows\System32\OpenSSH\;C:\Program Files\NVIDIA Corporation\NVIDIA NvDLISR;C:\Users\DELL\AppData\Local\Programs\Python\Python39;C:\WINDOWS\system32;C:\WINDOWS;C:\WINDOWS\System32\Wbem;C:\WINDOWS\System32\WindowsPowerShell\v1.0\;C:\WINDOWS\System32\OpenSSH\;C:\Program Files\Java\jdk-11.0.10\bin;C:\Program Files\nodejs\;C:\Program Files\Microsoft SQL Server\Client SDK\ODBC\170\Tools\Binn\;C:\Program Files (x86)\Microsoft SQL Server\150\Tools\Binn\;C:\Program Files\Microsoft SQL Server\150\Tools\Binn\;C:\Progra
USERNAME=DELL
OS=Windows_NT
PROCESSOR_IDENTIFIER=Intel64 Family 6 Model 126 Stepping 5, GenuineIntel



---------------  S Y S T E M  ---------------

OS: Windows 10 , 64 bit Build 22000 (10.0.22000.708)
Hyper-V role detected

CPU:total 8 (initial active 8) (4 cores per cpu, 2 threads per core) family 6 model 126 stepping 5 microcode 0xb2, cmov, cx8, fxsr, mmx, sse, sse2, sse3, ssse3, sse4.1, sse4.2, popcnt, avx, avx2, aes, clmul, erms, 3dnowpref, lzcnt, ht, tsc, tscinvbit, bmi1, bmi2, adx, evex, sha, fma

Memory: 4k page, system-wide physical 7959M (489M free)
TotalPageFile size 20775M (AvailPageFile size 2784M)
current process WorkingSet (physical memory assigned to process): 46M, peak: 88M
current process commit charge ("private bytes"): 223M, peak: 225M

vm_info: Java HotSpot(TM) 64-Bit Server VM (11.0.10+8-LTS-162) for windows-amd64 JRE (11.0.10+8-LTS-162), built on Dec  8 2020 16:32:57 by "mach5one" with MS VC++ 15.9 (VS2017)

END.
